<?xml version="1.0" encoding="UTF-8"?>
<!-- Generated by org.testng.reporters.JUnitReportReporter -->
<testsuite hostname="nico" name="otpp.AddNewFilmTest" tests="1" failures="0" timestamp="6 Nov 2015 18:53:32 GMT" time="3.927" errors="0">
  <testcase name="testUntitled2" time="3.927" classname="otpp.AddNewFilmTest"/>
</testsuite> <!-- otpp.AddNewFilmTest -->
