<?xml version="1.0" encoding="UTF-8"?>
<!-- Generated by org.testng.reporters.JUnitReportReporter -->
<testsuite hostname="nico" name="otpp.AddNewWrongFilledFilm" tests="1" failures="0" timestamp="6 Nov 2015 13:53:13 GMT" time="2.931" errors="0">
  <testcase name="testUntitled2" time="2.931" classname="otpp.AddNewWrongFilledFilm"/>
</testsuite> <!-- otpp.AddNewWrongFilledFilm -->
