<?xml version="1.0" encoding="UTF-8"?>
<!-- Generated by org.testng.reporters.JUnitReportReporter -->
<testsuite hostname="nico" name="otpp.LoginTest" tests="1" failures="0" timestamp="30 Oct 2015 11:02:46 GMT" time="2.581" errors="0">
  <testcase name="testUntitled2" time="2.581" classname="otpp.LoginTest"/>
</testsuite> <!-- otpp.LoginTest -->
