<?xml version="1.0" encoding="UTF-8"?>
<!-- Generated by org.testng.reporters.JUnitReportReporter -->
<testsuite hostname="nico" name="otpp.DeleteFilm" tests="1" failures="0" timestamp="9 Nov 2015 09:45:58 GMT" time="1.208" errors="0">
  <testcase name="testUntitled2" time="1.208" classname="otpp.DeleteFilm"/>
</testsuite> <!-- otpp.DeleteFilm -->
