<?xml version="1.0" encoding="UTF-8"?>
<!-- Generated by org.testng.reporters.JUnitReportReporter -->
<testsuite hostname="nico" name="otpp.DeleteFilm" tests="1" failures="0" timestamp="6 Nov 2015 14:18:38 GMT" time="0.756" errors="0">
  <testcase name="testUntitled2" time="0.756" classname="otpp.DeleteFilm"/>
</testsuite> <!-- otpp.DeleteFilm -->
