<?xml version="1.0" encoding="UTF-8"?>
<!-- Generated by org.testng.reporters.JUnitReportReporter -->
<testsuite hostname="nico" name="otpp.NoSuchFilmFound" tests="1" failures="0" timestamp="9 Nov 2015 10:39:10 GMT" time="0.301" errors="0">
  <testcase name="testUntitled2" time="0.301" classname="otpp.NoSuchFilmFound"/>
</testsuite> <!-- otpp.NoSuchFilmFound -->
