<?xml version="1.0" encoding="UTF-8"?>
<!-- Generated by org.testng.reporters.JUnitReportReporter -->
<testsuite hostname="nico" name="otpp.FindExistingFilm" tests="1" failures="0" timestamp="9 Nov 2015 10:38:39 GMT" time="0.218" errors="0">
  <testcase name="testUntitled2" time="0.218" classname="otpp.FindExistingFilm"/>
</testsuite> <!-- otpp.FindExistingFilm -->
